app/build/intermediates/manifest_merge_blame_file/debug/manifest-merger-blame-debug-report.txt
1<?xml version="1.0" encoding="utf-8"?>
2<manifest xmlns:android="http://schemas.android.com/apk/res/android"
3    package="com.xnavi.app"
4    android:versionCode="1"
5    android:versionName="1.0" >
6
7    <uses-sdk
8        android:minSdkVersion="24"
9        android:targetSdkVersion="34" />
10
11    <uses-permission android:name="android.permission.INTERNET" />
11-->src/main/AndroidManifest.xml:3:5-67
11-->src/main/AndroidManifest.xml:3:22-64
12    <uses-permission android:name="android.permission.ACCESS_NETWORK_STATE" />
12-->src/main/AndroidManifest.xml:4:5-79
12-->src/main/AndroidManifest.xml:4:22-76
13    <uses-permission android:name="android.permission.ACCESS_FINE_LOCATION" />
13-->src/main/AndroidManifest.xml:5:5-79
13-->src/main/AndroidManifest.xml:5:22-76
14    <uses-permission android:name="android.permission.ACCESS_COARSE_LOCATION" />
14-->src/main/AndroidManifest.xml:6:5-81
14-->src/main/AndroidManifest.xml:6:22-78
15    <uses-permission android:name="android.permission.ACCESS_WIFI_STATE" />
15-->src/main/AndroidManifest.xml:7:5-76
15-->src/main/AndroidManifest.xml:7:22-73
16    <uses-permission android:name="android.permission.CHANGE_WIFI_STATE" />
16-->src/main/AndroidManifest.xml:8:5-76
16-->src/main/AndroidManifest.xml:8:22-73
17    <uses-permission android:name="android.permission.READ_PHONE_STATE" />
17-->src/main/AndroidManifest.xml:9:5-75
17-->src/main/AndroidManifest.xml:9:22-72
18    <uses-permission android:name="android.permission.WRITE_EXTERNAL_STORAGE" />
18-->src/main/AndroidManifest.xml:10:5-81
18-->src/main/AndroidManifest.xml:10:22-78
19    <uses-permission android:name="android.permission.ACCESS_LOCATION_EXTRA_COMMANDS" />
19-->src/main/AndroidManifest.xml:11:5-89
19-->src/main/AndroidManifest.xml:11:22-86
20    <uses-permission android:name="android.permission.FOREGROUND_SERVICE" />
20-->src/main/AndroidManifest.xml:12:5-77
20-->src/main/AndroidManifest.xml:12:22-74
21    <uses-permission android:name="android.permission.FOREGROUND_SERVICE_LOCATION" />
21-->src/main/AndroidManifest.xml:13:5-86
21-->src/main/AndroidManifest.xml:13:22-83
22
23    <permission
23-->[androidx.core:core:1.12.0] AndroidManifest.xml:22:5-24:47
24        android:name="com.xnavi.app.DYNAMIC_RECEIVER_NOT_EXPORTED_PERMISSION"
24-->[androidx.core:core:1.12.0] AndroidManifest.xml:23:9-81
25        android:protectionLevel="signature" />
25-->[androidx.core:core:1.12.0] AndroidManifest.xml:24:9-44
26
27    <uses-permission android:name="com.xnavi.app.DYNAMIC_RECEIVER_NOT_EXPORTED_PERMISSION" />
27-->[androidx.core:core:1.12.0] AndroidManifest.xml:26:5-97
27-->[androidx.core:core:1.12.0] AndroidManifest.xml:26:22-94
28
29    <application
29-->src/main/AndroidManifest.xml:15:5-35:19
30        android:name="com.xnavi.app.XNaviApplication"
30-->src/main/AndroidManifest.xml:16:9-41
31        android:allowBackup="true"
31-->src/main/AndroidManifest.xml:17:9-35
32        android:appComponentFactory="androidx.core.app.CoreComponentFactory"
32-->[androidx.core:core:1.12.0] AndroidManifest.xml:28:18-86
33        android:debuggable="true"
34        android:extractNativeLibs="false"
35        android:icon="@drawable/ic_launcher_foreground"
35-->src/main/AndroidManifest.xml:18:9-56
36        android:label="XNavi"
36-->src/main/AndroidManifest.xml:20:9-30
37        android:roundIcon="@drawable/ic_launcher_foreground"
37-->src/main/AndroidManifest.xml:19:9-61
38        android:supportsRtl="true"
38-->src/main/AndroidManifest.xml:21:9-35
39        android:theme="@style/Theme.XNavi" >
39-->src/main/AndroidManifest.xml:22:9-43
40        <meta-data
40-->src/main/AndroidManifest.xml:23:9-25:49
41            android:name="com.amap.api.v2.apikey"
41-->src/main/AndroidManifest.xml:24:13-50
42            android:value="YOUR_AMAP_API_KEY" />
42-->src/main/AndroidManifest.xml:25:13-46
43
44        <activity
44-->src/main/AndroidManifest.xml:26:9-34:20
45            android:name="com.xnavi.app.MainActivity"
45-->src/main/AndroidManifest.xml:27:13-41
46            android:exported="true"
46-->src/main/AndroidManifest.xml:28:13-36
47            android:theme="@style/Theme.XNavi" >
47-->src/main/AndroidManifest.xml:29:13-47
48            <intent-filter>
48-->src/main/AndroidManifest.xml:30:13-33:29
49                <action android:name="android.intent.action.MAIN" />
49-->src/main/AndroidManifest.xml:31:17-69
49-->src/main/AndroidManifest.xml:31:25-66
50
51                <category android:name="android.intent.category.LAUNCHER" />
51-->src/main/AndroidManifest.xml:32:17-77
51-->src/main/AndroidManifest.xml:32:27-74
52            </intent-filter>
53        </activity>
54
55        <provider
55-->[androidx.emoji2:emoji2:1.3.0] AndroidManifest.xml:24:9-32:20
56            android:name="androidx.startup.InitializationProvider"
56-->[androidx.emoji2:emoji2:1.3.0] AndroidManifest.xml:25:13-67
57            android:authorities="com.xnavi.app.androidx-startup"
57-->[androidx.emoji2:emoji2:1.3.0] AndroidManifest.xml:26:13-68
58            android:exported="false" >
58-->[androidx.emoji2:emoji2:1.3.0] AndroidManifest.xml:27:13-37
59            <meta-data
59-->[androidx.emoji2:emoji2:1.3.0] AndroidManifest.xml:29:13-31:52
60                android:name="androidx.emoji2.text.EmojiCompatInitializer"
60-->[androidx.emoji2:emoji2:1.3.0] AndroidManifest.xml:30:17-75
61                android:value="androidx.startup" />
61-->[androidx.emoji2:emoji2:1.3.0] AndroidManifest.xml:31:17-49
62            <meta-data
62-->[androidx.lifecycle:lifecycle-process:2.7.0] AndroidManifest.xml:29:13-31:52
63                android:name="androidx.lifecycle.ProcessLifecycleInitializer"
63-->[androidx.lifecycle:lifecycle-process:2.7.0] AndroidManifest.xml:30:17-78
64                android:value="androidx.startup" />
64-->[androidx.lifecycle:lifecycle-process:2.7.0] AndroidManifest.xml:31:17-49
65            <meta-data
65-->[androidx.profileinstaller:profileinstaller:1.3.0] AndroidManifest.xml:29:13-31:52
66                android:name="androidx.profileinstaller.ProfileInstallerInitializer"
66-->[androidx.profileinstaller:profileinstaller:1.3.0] AndroidManifest.xml:30:17-85
67                android:value="androidx.startup" />
67-->[androidx.profileinstaller:profileinstaller:1.3.0] AndroidManifest.xml:31:17-49
68        </provider>
69
70        <receiver
70-->[androidx.profileinstaller:profileinstaller:1.3.0] AndroidManifest.xml:34:9-52:20
71            android:name="androidx.profileinstaller.ProfileInstallReceiver"
71-->[androidx.profileinstaller:profileinstaller:1.3.0] AndroidManifest.xml:35:13-76
72            android:directBootAware="false"
72-->[androidx.profileinstaller:profileinstaller:1.3.0] AndroidManifest.xml:36:13-44
73            android:enabled="true"
73-->[androidx.profileinstaller:profileinstaller:1.3.0] AndroidManifest.xml:37:13-35
74            android:exported="true"
74-->[androidx.profileinstaller:profileinstaller:1.3.0] AndroidManifest.xml:38:13-36
75            android:permission="android.permission.DUMP" >
75-->[androidx.profileinstaller:profileinstaller:1.3.0] AndroidManifest.xml:39:13-57
76            <intent-filter>
76-->[androidx.profileinstaller:profileinstaller:1.3.0] AndroidManifest.xml:40:13-42:29
77                <action android:name="androidx.profileinstaller.action.INSTALL_PROFILE" />
77-->[androidx.profileinstaller:profileinstaller:1.3.0] AndroidManifest.xml:41:17-91
77-->[androidx.profileinstaller:profileinstaller:1.3.0] AndroidManifest.xml:41:25-88
78            </intent-filter>
79            <intent-filter>
79-->[androidx.profileinstaller:profileinstaller:1.3.0] AndroidManifest.xml:43:13-45:29
80                <action android:name="androidx.profileinstaller.action.SKIP_FILE" />
80-->[androidx.profileinstaller:profileinstaller:1.3.0] AndroidManifest.xml:44:17-85
80-->[androidx.profileinstaller:profileinstaller:1.3.0] AndroidManifest.xml:44:25-82
81            </intent-filter>
82            <intent-filter>
82-->[androidx.profileinstaller:profileinstaller:1.3.0] AndroidManifest.xml:46:13-48:29
83                <action android:name="androidx.profileinstaller.action.SAVE_PROFILE" />
83-->[androidx.profileinstaller:profileinstaller:1.3.0] AndroidManifest.xml:47:17-88
83-->[androidx.profileinstaller:profileinstaller:1.3.0] AndroidManifest.xml:47:25-85
84            </intent-filter>
85            <intent-filter>
85-->[androidx.profileinstaller:profileinstaller:1.3.0] AndroidManifest.xml:49:13-51:29
86                <action android:name="androidx.profileinstaller.action.BENCHMARK_OPERATION" />
86-->[androidx.profileinstaller:profileinstaller:1.3.0] AndroidManifest.xml:50:17-95
86-->[androidx.profileinstaller:profileinstaller:1.3.0] AndroidManifest.xml:50:25-92
87            </intent-filter>
88        </receiver>
89    </application>
90
91</manifest>